Using pre-set license
Built from '2020.3/staging' branch; Version is '2020.3.11f1 (99c7afb366b3) revision 10078127'; Using compiler version '192528614'; Build Type 'Release'
OS: 'Windows 10 Pro; OS build 19042.1052; Version 2009; 64bit' Language: 'en' Physical Memory: 32553 MB
BatchMode: 1, IsHumanControllingUs: 0, StartBugReporterOnCrash: 0, Is64bit: 1, IsPro: 0

 COMMAND LINE ARGUMENTS:
C:\Program Files\Unity\Hub\Editor\2020.3.11f1\Editor\Unity.exe
-adb2
-batchMode
-noUpm
-name
AssetImportWorker0
-projectPath
C:/Users/IOCT/Documents/GitHub/Azure-Toolkit/Azure Toolkit
-logFile
Logs/AssetImportWorker0.log
-srvPort
54263
Successfully changed project path to: C:/Users/IOCT/Documents/GitHub/Azure-Toolkit/Azure Toolkit
C:/Users/IOCT/Documents/GitHub/Azure-Toolkit/Azure Toolkit
Using Asset Import Pipeline V2.
Refreshing native plugins compatible for Editor in 31.90 ms, found 22 plugins.
Preloading 0 native plugins for Editor in 0.00 ms.
Initialize engine version: 2020.3.11f1 (99c7afb366b3)
[Subsystems] Discovering subsystems at path C:/Program Files/Unity/Hub/Editor/2020.3.11f1/Editor/Data/Resources/UnitySubsystems
[Subsystems] Discovering subsystems at path C:/Users/IOCT/Documents/GitHub/Azure-Toolkit/Azure Toolkit/Assets
GfxDevice: creating device client; threaded=0
Direct3D:
    Version:  Direct3D 11.0 [level 11.1]
    Renderer: NVIDIA GeForce RTX 2080 (ID=0x1e90)
    Vendor:   
    VRAM:     8010 MB
    Driver:   27.21.14.6230
Initialize mono
Mono path[0] = 'C:/Program Files/Unity/Hub/Editor/2020.3.11f1/Editor/Data/Managed'
Mono path[1] = 'C:/Program Files/Unity/Hub/Editor/2020.3.11f1/Editor/Data/MonoBleedingEdge/lib/mono/unityjit'
Mono config path = 'C:/Program Files/Unity/Hub/Editor/2020.3.11f1/Editor/Data/MonoBleedingEdge/etc'
Using monoOptions --debugger-agent=transport=dt_socket,embedding=1,server=y,suspend=n,address=127.0.0.1:56492
Begin MonoManager ReloadAssembly
Registering precompiled unity dll's ...
Register platform support module: C:/Program Files/Unity/Hub/Editor/2020.3.11f1/Editor/Data/PlaybackEngines/WebGLSupport/UnityEditor.WebGL.Extensions.dll
Register platform support module: C:/Program Files/Unity/Hub/Editor/2020.3.11f1/Editor/Data/PlaybackEngines/WindowsStandaloneSupport/UnityEditor.WindowsStandalone.Extensions.dll
Registered in 0.002177 seconds.
Native extension for WindowsStandalone target not found
Native extension for WebGL target not found
Refreshing native plugins compatible for Editor in 21.58 ms, found 22 plugins.
Preloading 0 native plugins for Editor in 0.00 ms.
Mono: successfully reloaded assembly
- Completed reload, in  1.971 seconds
Platform modules already initialized, skipping
Registering precompiled user dll's ...
Registered in 0.008848 seconds.
Begin MonoManager ReloadAssembly
Native extension for WindowsStandalone target not found
Native extension for WebGL target not found
Refreshing native plugins compatible for Editor in 0.49 ms, found 22 plugins.
Preloading 0 native plugins for Editor in 0.00 ms.
Mono: successfully reloaded assembly
- Completed reload, in  0.858 seconds
Platform modules already initialized, skipping
========================================================================
Worker process is ready to serve import requests
Launched and connected shader compiler UnityShaderCompiler.exe after 0.04 seconds
Refreshing native plugins compatible for Editor in 0.47 ms, found 22 plugins.
Preloading 0 native plugins for Editor in 0.00 ms.
Unloading 1071 Unused Serialized files (Serialized files now loaded: 0)
System memory in use before: 56.5 MB.
System memory in use after: 56.6 MB.

Unloading 45 unused Assets to reduce memory usage. Loaded Objects now: 1482.
Total: 1.549200 ms (FindLiveObjects: 0.110800 ms CreateObjectMapping: 0.029100 ms MarkObjects: 1.333600 ms  DeleteObjects: 0.074600 ms)

========================================================================
Received Import Request.
  path: Assets/LightBuzz_Azure_Kinect/Models/CodeMan/Model/CodeMan.FBX
  artifactKey: Guid(ef11f15682ae41344ba781010ba3294f) Importer(815301076,1909f56bfc062723c751e8b465ee728b)
Start importing Assets/LightBuzz_Azure_Kinect/Models/CodeMan/Model/CodeMan.FBX using Guid(ef11f15682ae41344ba781010ba3294f) Importer(815301076,1909f56bfc062723c751e8b465ee728b)  -> (artifact id: '9e467e81eb5d0a23b95b36e5c58df4c8') in 0.790317 seconds
  Import took 0.796108 seconds .

========================================================================
Received Import Request.
  Time since last request: 57.029194 seconds.
  path: Assets/LightBuzz_Azure_Kinect/Scripts/Angles/StickmanAngles.cs
  artifactKey: Guid(36793fd57fdab6a499c28b3dc748096a) Importer(815301076,1909f56bfc062723c751e8b465ee728b)
Start importing Assets/LightBuzz_Azure_Kinect/Scripts/Angles/StickmanAngles.cs using Guid(36793fd57fdab6a499c28b3dc748096a) Importer(815301076,1909f56bfc062723c751e8b465ee728b)  -> (artifact id: 'ffbeb2acacf49fb7855bd7f78add6cb3') in 0.010154 seconds
  Import took 0.012101 seconds .

========================================================================
Received Import Request.
  Time since last request: 0.025599 seconds.
  path: Assets/LightBuzz_Azure_Kinect/Scripts/Angles/StickmanAngles.cs
  artifactKey: Guid(36793fd57fdab6a499c28b3dc748096a) Importer(815301076,1909f56bfc062723c751e8b465ee728b)
Start importing Assets/LightBuzz_Azure_Kinect/Scripts/Angles/StickmanAngles.cs using Guid(36793fd57fdab6a499c28b3dc748096a) Importer(815301076,1909f56bfc062723c751e8b465ee728b)  -> (artifact id: 'ffbeb2acacf49fb7855bd7f78add6cb3') in 0.002075 seconds
  Import took 0.003906 seconds .

========================================================================
Received Import Request.
  Time since last request: 15.823676 seconds.
  path: Assets/LightBuzz_Azure_Kinect/Scripts/Editor/Demo_Kinect4Azure_AvateeringEditor.cs
  artifactKey: Guid(c12a89b7eb37f59408fc3f0ebc85b045) Importer(815301076,1909f56bfc062723c751e8b465ee728b)
Start importing Assets/LightBuzz_Azure_Kinect/Scripts/Editor/Demo_Kinect4Azure_AvateeringEditor.cs using Guid(c12a89b7eb37f59408fc3f0ebc85b045) Importer(815301076,1909f56bfc062723c751e8b465ee728b)  -> (artifact id: '0114bd2cdc0275de0989a31403706aad') in 0.007758 seconds
  Import took 0.009544 seconds .

========================================================================
Received Import Request.
  Time since last request: 4.249723 seconds.
  path: Assets/LightBuzz_Azure_Kinect/Scripts/GUI/DepthVisualization.cs
  artifactKey: Guid(830d711a0b10f104486488c9f6d0d210) Importer(815301076,1909f56bfc062723c751e8b465ee728b)
Start importing Assets/LightBuzz_Azure_Kinect/Scripts/GUI/DepthVisualization.cs using Guid(830d711a0b10f104486488c9f6d0d210) Importer(815301076,1909f56bfc062723c751e8b465ee728b)  -> (artifact id: '9435526d73270ee2db31cd2af2df059f') in 0.008433 seconds
  Import took 0.010840 seconds .

========================================================================
Received Import Request.
  Time since last request: 0.001184 seconds.
  path: Assets/LightBuzz_Azure_Kinect/Scripts/GUI/DepthVisualization.cs
  artifactKey: Guid(830d711a0b10f104486488c9f6d0d210) Importer(815301076,1909f56bfc062723c751e8b465ee728b)
Start importing Assets/LightBuzz_Azure_Kinect/Scripts/GUI/DepthVisualization.cs using Guid(830d711a0b10f104486488c9f6d0d210) Importer(815301076,1909f56bfc062723c751e8b465ee728b)  -> (artifact id: '9435526d73270ee2db31cd2af2df059f') in 0.002457 seconds
  Import took 0.004770 seconds .

========================================================================
Received Import Request.
  Time since last request: 0.510754 seconds.
  path: Assets/LightBuzz_Azure_Kinect/Scripts/GUI/DetectedObjectPanel.cs
  artifactKey: Guid(c93809c149429804db9d3b357a83c15a) Importer(815301076,1909f56bfc062723c751e8b465ee728b)
Start importing Assets/LightBuzz_Azure_Kinect/Scripts/GUI/DetectedObjectPanel.cs using Guid(c93809c149429804db9d3b357a83c15a) Importer(815301076,1909f56bfc062723c751e8b465ee728b)  -> (artifact id: '42844c5286bdb20802415016864e9e00') in 0.007097 seconds
  Import took 0.008759 seconds .

========================================================================
Received Import Request.
  Time since last request: 1.934958 seconds.
  path: Assets/LightBuzz_Azure_Kinect/Scripts/GUI/HandButton.cs
  artifactKey: Guid(fd9ad4a6e7c49504cb59e85c24646b00) Importer(815301076,1909f56bfc062723c751e8b465ee728b)
Start importing Assets/LightBuzz_Azure_Kinect/Scripts/GUI/HandButton.cs using Guid(fd9ad4a6e7c49504cb59e85c24646b00) Importer(815301076,1909f56bfc062723c751e8b465ee728b)  -> (artifact id: '2af840bd07d771b232c6525673a1455e') in 0.006755 seconds
  Import took 0.008473 seconds .

========================================================================
Received Import Request.
  Time since last request: 0.512182 seconds.
  path: Assets/LightBuzz_Azure_Kinect/Scripts/GUI/HandCursor.cs
  artifactKey: Guid(eb9ca6a2e66ef06489cb65732514aebc) Importer(815301076,1909f56bfc062723c751e8b465ee728b)
Start importing Assets/LightBuzz_Azure_Kinect/Scripts/GUI/HandCursor.cs using Guid(eb9ca6a2e66ef06489cb65732514aebc) Importer(815301076,1909f56bfc062723c751e8b465ee728b)  -> (artifact id: '2a912eb7cdebaa799273ca78193fff93') in 0.006578 seconds
  Import took 0.008351 seconds .

========================================================================
Received Import Request.
  Time since last request: 0.610779 seconds.
  path: Assets/LightBuzz_Azure_Kinect/Scripts/GUI/PointCloud.cs
  artifactKey: Guid(5af9d5e5c625e8446a7e7e210c151522) Importer(815301076,1909f56bfc062723c751e8b465ee728b)
Start importing Assets/LightBuzz_Azure_Kinect/Scripts/GUI/PointCloud.cs using Guid(5af9d5e5c625e8446a7e7e210c151522) Importer(815301076,1909f56bfc062723c751e8b465ee728b)  -> (artifact id: '6a3fed5dcf1321f32d4260248a62d3ae') in 0.006596 seconds
  Import took 0.008196 seconds .

========================================================================
Received Import Request.
  Time since last request: 1.778666 seconds.
  path: Assets/LightBuzz_Azure_Kinect/Scripts/GUI/Stickman.cs
  artifactKey: Guid(a4ea74c5c3823714aa4e22d138665961) Importer(815301076,1909f56bfc062723c751e8b465ee728b)
Start importing Assets/LightBuzz_Azure_Kinect/Scripts/GUI/Stickman.cs using Guid(a4ea74c5c3823714aa4e22d138665961) Importer(815301076,1909f56bfc062723c751e8b465ee728b)  -> (artifact id: 'a51bd52c1c327bc750db32a6efb7e65e') in 0.006688 seconds
  Import took 0.008326 seconds .

========================================================================
Received Import Request.
  Time since last request: 0.869659 seconds.
  path: Assets/LightBuzz_Azure_Kinect/Scripts/GUI/StickmanManager.cs
  artifactKey: Guid(b5e9a660db360af439b529c78d41a8ca) Importer(815301076,1909f56bfc062723c751e8b465ee728b)
Start importing Assets/LightBuzz_Azure_Kinect/Scripts/GUI/StickmanManager.cs using Guid(b5e9a660db360af439b529c78d41a8ca) Importer(815301076,1909f56bfc062723c751e8b465ee728b)  -> (artifact id: '569c6eedc1c9e8ac86b7727bddd6853e') in 0.006881 seconds
  Import took 0.008829 seconds .

========================================================================
Received Import Request.
  Time since last request: 0.393800 seconds.
  path: Assets/LightBuzz_Azure_Kinect/Scripts/GUI/UniformImage.cs
  artifactKey: Guid(75dd881eecd332047b78d1fa758b539e) Importer(815301076,1909f56bfc062723c751e8b465ee728b)
Start importing Assets/LightBuzz_Azure_Kinect/Scripts/GUI/UniformImage.cs using Guid(75dd881eecd332047b78d1fa758b539e) Importer(815301076,1909f56bfc062723c751e8b465ee728b)  -> (artifact id: '04fea50c7fe3c79dceec1f4f0cf263b2') in 0.006801 seconds
  Import took 0.008434 seconds .

========================================================================
Received Import Request.
  Time since last request: 68.510552 seconds.
  path: Assets/Scenes/AzurePlaykit.unity
  artifactKey: Guid(0757bbfe2e1144d409203be5759979f4) Importer(815301076,1909f56bfc062723c751e8b465ee728b)
Start importing Assets/Scenes/AzurePlaykit.unity using Guid(0757bbfe2e1144d409203be5759979f4) Importer(815301076,1909f56bfc062723c751e8b465ee728b)  -> (artifact id: 'b200777b43f515246e45d85bbbc15aad') in 0.008555 seconds
  Import took 0.010624 seconds .

========================================================================
Received Import Request.
  Time since last request: 268.321650 seconds.
  path: Assets/SceneManager.cs
  artifactKey: Guid(5ae5964b704c2ba4582e4f7e89e06489) Importer(815301076,1909f56bfc062723c751e8b465ee728b)
Start importing Assets/SceneManager.cs using Guid(5ae5964b704c2ba4582e4f7e89e06489) Importer(815301076,1909f56bfc062723c751e8b465ee728b)  -> (artifact id: '159752f7a1d61c487b0c860f49ac0961') in 0.007885 seconds
  Import took 0.010332 seconds .

========================================================================
Received Import Request.
  Time since last request: 0.637317 seconds.
  path: Assets/StickmanTracker.cs
  artifactKey: Guid(3698b4dccf75d7a44969a2141531a3d3) Importer(815301076,1909f56bfc062723c751e8b465ee728b)
Start importing Assets/StickmanTracker.cs using Guid(3698b4dccf75d7a44969a2141531a3d3) Importer(815301076,1909f56bfc062723c751e8b465ee728b)  -> (artifact id: '5e838ae059fab1f16c36d39d5bb1b788') in 0.007435 seconds
  Import took 0.009081 seconds .

========================================================================
Received Prepare
Registering precompiled user dll's ...
Registered in 0.008263 seconds.
Begin MonoManager ReloadAssembly
Native extension for WindowsStandalone target not found
Native extension for WebGL target not found
Refreshing native plugins compatible for Editor in 0.49 ms, found 22 plugins.
Preloading 0 native plugins for Editor in 0.00 ms.
Mono: successfully reloaded assembly
- Completed reload, in  0.733 seconds
Platform modules already initialized, skipping
Refreshing native plugins compatible for Editor in 0.51 ms, found 22 plugins.
Preloading 0 native plugins for Editor in 0.00 ms.
Unloading 1065 Unused Serialized files (Serialized files now loaded: 0)
System memory in use before: 73.3 MB.
System memory in use after: 73.3 MB.

Unloading 40 unused Assets to reduce memory usage. Loaded Objects now: 1497.
Total: 1.529700 ms (FindLiveObjects: 0.127000 ms CreateObjectMapping: 0.031900 ms MarkObjects: 1.324700 ms  DeleteObjects: 0.045400 ms)

========================================================================
Received Prepare
Registering precompiled user dll's ...
Registered in 0.008235 seconds.
Begin MonoManager ReloadAssembly
Native extension for WindowsStandalone target not found
Native extension for WebGL target not found
Refreshing native plugins compatible for Editor in 0.51 ms, found 22 plugins.
Preloading 0 native plugins for Editor in 0.00 ms.
Mono: successfully reloaded assembly
- Completed reload, in  0.745 seconds
Platform modules already initialized, skipping
Refreshing native plugins compatible for Editor in 0.51 ms, found 22 plugins.
Preloading 0 native plugins for Editor in 0.00 ms.
Unloading 1065 Unused Serialized files (Serialized files now loaded: 0)
System memory in use before: 73.3 MB.
System memory in use after: 73.4 MB.

Unloading 40 unused Assets to reduce memory usage. Loaded Objects now: 1500.
Total: 1.614900 ms (FindLiveObjects: 0.121200 ms CreateObjectMapping: 0.028900 ms MarkObjects: 1.410400 ms  DeleteObjects: 0.053500 ms)

========================================================================
Received Import Request.
  Time since last request: 327.511923 seconds.
  path: Assets/Scripts/PointCloudScript.cs
  artifactKey: Guid(540a5a567b41d174ba0c097cd72c9008) Importer(815301076,1909f56bfc062723c751e8b465ee728b)
Start importing Assets/Scripts/PointCloudScript.cs using Guid(540a5a567b41d174ba0c097cd72c9008) Importer(815301076,1909f56bfc062723c751e8b465ee728b)  -> (artifact id: '4af6858fb550c6c9634a7235b5c73995') in 0.004303 seconds
  Import took 0.006025 seconds .

========================================================================
Received Import Request.
  Time since last request: 0.003311 seconds.
  path: Assets/Scripts/PointCloudScript.cs
  artifactKey: Guid(540a5a567b41d174ba0c097cd72c9008) Importer(815301076,1909f56bfc062723c751e8b465ee728b)
Start importing Assets/Scripts/PointCloudScript.cs using Guid(540a5a567b41d174ba0c097cd72c9008) Importer(815301076,1909f56bfc062723c751e8b465ee728b)  -> (artifact id: '4af6858fb550c6c9634a7235b5c73995') in 0.002188 seconds
  Import took 0.004173 seconds .

========================================================================
Received Prepare
Registering precompiled user dll's ...
Registered in 0.009695 seconds.
Begin MonoManager ReloadAssembly
Native extension for WindowsStandalone target not found
Native extension for WebGL target not found
Refreshing native plugins compatible for Editor in 0.49 ms, found 22 plugins.
Preloading 0 native plugins for Editor in 0.00 ms.
Mono: successfully reloaded assembly
- Completed reload, in  0.703 seconds
Platform modules already initialized, skipping
Refreshing native plugins compatible for Editor in 0.50 ms, found 22 plugins.
Preloading 0 native plugins for Editor in 0.00 ms.
Unloading 1065 Unused Serialized files (Serialized files now loaded: 0)
System memory in use before: 73.3 MB.
System memory in use after: 73.4 MB.

Unloading 40 unused Assets to reduce memory usage. Loaded Objects now: 1503.
Total: 1.398700 ms (FindLiveObjects: 0.108900 ms CreateObjectMapping: 0.029500 ms MarkObjects: 1.210800 ms  DeleteObjects: 0.048700 ms)

========================================================================
Received Import Request.
  Time since last request: 325.274246 seconds.
  path: Assets/Scripts/PointCloudScript.cs
  artifactKey: Guid(540a5a567b41d174ba0c097cd72c9008) Importer(815301076,1909f56bfc062723c751e8b465ee728b)
Start importing Assets/Scripts/PointCloudScript.cs using Guid(540a5a567b41d174ba0c097cd72c9008) Importer(815301076,1909f56bfc062723c751e8b465ee728b)  -> (artifact id: '7a3a5936881de697c2308d97b7a1a7eb') in 0.003364 seconds
  Import took 0.004985 seconds .

========================================================================
Received Prepare
Registering precompiled user dll's ...
Registered in 0.009598 seconds.
Begin MonoManager ReloadAssembly
Native extension for WindowsStandalone target not found
Native extension for WebGL target not found
Refreshing native plugins compatible for Editor in 0.48 ms, found 22 plugins.
Preloading 0 native plugins for Editor in 0.00 ms.
Mono: successfully reloaded assembly
- Completed reload, in  0.683 seconds
Platform modules already initialized, skipping
Refreshing native plugins compatible for Editor in 0.53 ms, found 22 plugins.
Preloading 0 native plugins for Editor in 0.00 ms.
Unloading 1065 Unused Serialized files (Serialized files now loaded: 0)
System memory in use before: 73.3 MB.
System memory in use after: 73.4 MB.

Unloading 40 unused Assets to reduce memory usage. Loaded Objects now: 1506.
Total: 1.564500 ms (FindLiveObjects: 0.112300 ms CreateObjectMapping: 0.026700 ms MarkObjects: 1.365800 ms  DeleteObjects: 0.058900 ms)

========================================================================
Received Prepare
Registering precompiled user dll's ...
Registered in 0.007896 seconds.
Begin MonoManager ReloadAssembly
Native extension for WindowsStandalone target not found
Native extension for WebGL target not found
Refreshing native plugins compatible for Editor in 0.48 ms, found 22 plugins.
Preloading 0 native plugins for Editor in 0.00 ms.
Mono: successfully reloaded assembly
- Completed reload, in  0.713 seconds
Platform modules already initialized, skipping
Refreshing native plugins compatible for Editor in 0.53 ms, found 22 plugins.
Preloading 0 native plugins for Editor in 0.00 ms.
Unloading 1065 Unused Serialized files (Serialized files now loaded: 0)
System memory in use before: 73.3 MB.
System memory in use after: 73.4 MB.

Unloading 40 unused Assets to reduce memory usage. Loaded Objects now: 1509.
Total: 1.415500 ms (FindLiveObjects: 0.115300 ms CreateObjectMapping: 0.029600 ms MarkObjects: 1.222600 ms  DeleteObjects: 0.047100 ms)

========================================================================
Received Prepare
Registering precompiled user dll's ...
Registered in 0.008261 seconds.
Begin MonoManager ReloadAssembly
Native extension for WindowsStandalone target not found
Native extension for WebGL target not found
Refreshing native plugins compatible for Editor in 0.51 ms, found 22 plugins.
Preloading 0 native plugins for Editor in 0.00 ms.
Mono: successfully reloaded assembly
- Completed reload, in  0.699 seconds
Platform modules already initialized, skipping
Refreshing native plugins compatible for Editor in 0.53 ms, found 22 plugins.
Preloading 0 native plugins for Editor in 0.00 ms.
Unloading 1065 Unused Serialized files (Serialized files now loaded: 0)
System memory in use before: 73.3 MB.
System memory in use after: 73.4 MB.

Unloading 40 unused Assets to reduce memory usage. Loaded Objects now: 1512.
Total: 1.630900 ms (FindLiveObjects: 0.123400 ms CreateObjectMapping: 0.032900 ms MarkObjects: 1.426300 ms  DeleteObjects: 0.047400 ms)

========================================================================
Received Prepare
Registering precompiled user dll's ...
Registered in 0.008167 seconds.
Begin MonoManager ReloadAssembly
Native extension for WindowsStandalone target not found
Native extension for WebGL target not found
Refreshing native plugins compatible for Editor in 0.50 ms, found 22 plugins.
Preloading 0 native plugins for Editor in 0.00 ms.
Mono: successfully reloaded assembly
- Completed reload, in  0.717 seconds
Platform modules already initialized, skipping
Refreshing native plugins compatible for Editor in 0.49 ms, found 22 plugins.
Preloading 0 native plugins for Editor in 0.00 ms.
Unloading 1065 Unused Serialized files (Serialized files now loaded: 0)
System memory in use before: 73.3 MB.
System memory in use after: 73.4 MB.

Unloading 40 unused Assets to reduce memory usage. Loaded Objects now: 1515.
Total: 1.372300 ms (FindLiveObjects: 0.102800 ms CreateObjectMapping: 0.031600 ms MarkObjects: 1.192200 ms  DeleteObjects: 0.044900 ms)

========================================================================
Received Prepare
Registering precompiled user dll's ...
Registered in 0.008084 seconds.
Begin MonoManager ReloadAssembly
Native extension for WindowsStandalone target not found
Native extension for WebGL target not found
Refreshing native plugins compatible for Editor in 0.48 ms, found 22 plugins.
Preloading 0 native plugins for Editor in 0.00 ms.
Mono: successfully reloaded assembly
- Completed reload, in  0.690 seconds
Platform modules already initialized, skipping
Refreshing native plugins compatible for Editor in 0.52 ms, found 22 plugins.
Preloading 0 native plugins for Editor in 0.00 ms.
Unloading 1065 Unused Serialized files (Serialized files now loaded: 0)
System memory in use before: 73.3 MB.
System memory in use after: 73.4 MB.

Unloading 40 unused Assets to reduce memory usage. Loaded Objects now: 1518.
Total: 1.809300 ms (FindLiveObjects: 0.110600 ms CreateObjectMapping: 0.029500 ms MarkObjects: 1.612900 ms  DeleteObjects: 0.055600 ms)

========================================================================
Received Prepare
Registering precompiled user dll's ...
Registered in 0.008698 seconds.
Begin MonoManager ReloadAssembly
Native extension for WindowsStandalone target not found
Native extension for WebGL target not found
Refreshing native plugins compatible for Editor in 0.48 ms, found 22 plugins.
Preloading 0 native plugins for Editor in 0.00 ms.
Mono: successfully reloaded assembly
- Completed reload, in  0.683 seconds
Platform modules already initialized, skipping
Refreshing native plugins compatible for Editor in 0.49 ms, found 22 plugins.
Preloading 0 native plugins for Editor in 0.00 ms.
Unloading 1065 Unused Serialized files (Serialized files now loaded: 0)
System memory in use before: 73.3 MB.
System memory in use after: 73.4 MB.

Unloading 40 unused Assets to reduce memory usage. Loaded Objects now: 1521.
Total: 1.551500 ms (FindLiveObjects: 0.112400 ms CreateObjectMapping: 0.029200 ms MarkObjects: 1.360400 ms  DeleteObjects: 0.048700 ms)

========================================================================
Received Prepare
Registering precompiled user dll's ...
Registered in 0.015926 seconds.
Begin MonoManager ReloadAssembly
Native extension for WindowsStandalone target not found
Native extension for WebGL target not found
Refreshing native plugins compatible for Editor in 1.99 ms, found 22 plugins.
Preloading 0 native plugins for Editor in 0.00 ms.
Mono: successfully reloaded assembly
- Completed reload, in  0.701 seconds
Platform modules already initialized, skipping
Refreshing native plugins compatible for Editor in 0.65 ms, found 22 plugins.
Preloading 0 native plugins for Editor in 0.00 ms.
Unloading 1065 Unused Serialized files (Serialized files now loaded: 0)
System memory in use before: 73.3 MB.
System memory in use after: 73.4 MB.

Unloading 40 unused Assets to reduce memory usage. Loaded Objects now: 1524.
Total: 1.477200 ms (FindLiveObjects: 0.096100 ms CreateObjectMapping: 0.025200 ms MarkObjects: 1.308300 ms  DeleteObjects: 0.046800 ms)

========================================================================
Received Prepare
Registering precompiled user dll's ...
Registered in 0.008867 seconds.
Begin MonoManager ReloadAssembly
Native extension for WindowsStandalone target not found
Native extension for WebGL target not found
Refreshing native plugins compatible for Editor in 0.48 ms, found 22 plugins.
Preloading 0 native plugins for Editor in 0.00 ms.
Mono: successfully reloaded assembly
- Completed reload, in  0.701 seconds
Platform modules already initialized, skipping
Refreshing native plugins compatible for Editor in 0.51 ms, found 22 plugins.
Preloading 0 native plugins for Editor in 0.00 ms.
Unloading 1065 Unused Serialized files (Serialized files now loaded: 0)
System memory in use before: 73.3 MB.
System memory in use after: 73.4 MB.

Unloading 40 unused Assets to reduce memory usage. Loaded Objects now: 1527.
Total: 1.569600 ms (FindLiveObjects: 0.116600 ms CreateObjectMapping: 0.025700 ms MarkObjects: 1.379800 ms  DeleteObjects: 0.046400 ms)

========================================================================
Received Prepare
Registering precompiled user dll's ...
Registered in 0.008214 seconds.
Begin MonoManager ReloadAssembly
Native extension for WindowsStandalone target not found
Native extension for WebGL target not found
Refreshing native plugins compatible for Editor in 0.50 ms, found 22 plugins.
Preloading 0 native plugins for Editor in 0.00 ms.
Mono: successfully reloaded assembly
- Completed reload, in  0.711 seconds
Platform modules already initialized, skipping
Refreshing native plugins compatible for Editor in 0.52 ms, found 22 plugins.
Preloading 0 native plugins for Editor in 0.00 ms.
Unloading 1065 Unused Serialized files (Serialized files now loaded: 0)
System memory in use before: 73.4 MB.
System memory in use after: 73.5 MB.

Unloading 40 unused Assets to reduce memory usage. Loaded Objects now: 1530.
Total: 1.419300 ms (FindLiveObjects: 0.102400 ms CreateObjectMapping: 0.029400 ms MarkObjects: 1.241800 ms  DeleteObjects: 0.044800 ms)

========================================================================
Received Prepare
Registering precompiled user dll's ...
Registered in 0.008217 seconds.
Begin MonoManager ReloadAssembly
Native extension for WindowsStandalone target not found
Native extension for WebGL target not found
Refreshing native plugins compatible for Editor in 0.48 ms, found 22 plugins.
Preloading 0 native plugins for Editor in 0.00 ms.
Mono: successfully reloaded assembly
- Completed reload, in  0.713 seconds
Platform modules already initialized, skipping
Refreshing native plugins compatible for Editor in 0.51 ms, found 22 plugins.
Preloading 0 native plugins for Editor in 0.00 ms.
Unloading 1065 Unused Serialized files (Serialized files now loaded: 0)
System memory in use before: 73.4 MB.
System memory in use after: 73.5 MB.

Unloading 40 unused Assets to reduce memory usage. Loaded Objects now: 1533.
Total: 1.295800 ms (FindLiveObjects: 0.101200 ms CreateObjectMapping: 0.026900 ms MarkObjects: 1.120000 ms  DeleteObjects: 0.046900 ms)

========================================================================
Received Import Request.
  Time since last request: 1132.445545 seconds.
  path: Assets/LightBuzz_Azure_Kinect/Prefabs/Stickman Manager.prefab
  artifactKey: Guid(e057994df80c25e4fac5781a68a21652) Importer(815301076,1909f56bfc062723c751e8b465ee728b)
Start importing Assets/LightBuzz_Azure_Kinect/Prefabs/Stickman Manager.prefab using Guid(e057994df80c25e4fac5781a68a21652) Importer(815301076,1909f56bfc062723c751e8b465ee728b)  -> (artifact id: 'd81d83069913872cda7e1fa12ddf2248') in 0.046969 seconds
  Import took 0.049772 seconds .

========================================================================
Received Import Request.
  Time since last request: 0.000206 seconds.
  path: Assets/LightBuzz_Azure_Kinect/Prefabs/Stickman.prefab
  artifactKey: Guid(72061e99cd8af3c49a380f941679fbac) Importer(815301076,1909f56bfc062723c751e8b465ee728b)
Start importing Assets/LightBuzz_Azure_Kinect/Prefabs/Stickman.prefab using Guid(72061e99cd8af3c49a380f941679fbac) Importer(815301076,1909f56bfc062723c751e8b465ee728b)  -> (artifact id: 'd5fa61b84edac9064faca0ec475b72fc') in 0.046822 seconds
  Import took 0.049691 seconds .

========================================================================
Received Import Request.
  Time since last request: 0.000272 seconds.
  path: Assets/LightBuzz_Azure_Kinect/Prefabs/Stickman Manager.prefab
  artifactKey: Guid(e057994df80c25e4fac5781a68a21652) Importer(815301076,1909f56bfc062723c751e8b465ee728b)
Start importing Assets/LightBuzz_Azure_Kinect/Prefabs/Stickman Manager.prefab using Guid(e057994df80c25e4fac5781a68a21652) Importer(815301076,1909f56bfc062723c751e8b465ee728b)  -> (artifact id: 'd81d83069913872cda7e1fa12ddf2248') in 0.004757 seconds
  Import took 0.007402 seconds .

========================================================================
Received Import Request.
  Time since last request: 3.393336 seconds.
  path: Assets/LightBuzz_Azure_Kinect/Prefabs/Stickman.prefab
  artifactKey: Guid(72061e99cd8af3c49a380f941679fbac) Importer(815301076,1909f56bfc062723c751e8b465ee728b)
Start importing Assets/LightBuzz_Azure_Kinect/Prefabs/Stickman.prefab using Guid(72061e99cd8af3c49a380f941679fbac) Importer(815301076,1909f56bfc062723c751e8b465ee728b)  -> (artifact id: '8f6b390b2e159b5a03ee074dc4f1504c') in 0.012943 seconds
  Import took 0.015843 seconds .

========================================================================
Received Import Request.
  Time since last request: 0.003318 seconds.
  path: Assets/LightBuzz_Azure_Kinect/Prefabs/Stickman.prefab
  artifactKey: Guid(72061e99cd8af3c49a380f941679fbac) Importer(815301076,1909f56bfc062723c751e8b465ee728b)
Start importing Assets/LightBuzz_Azure_Kinect/Prefabs/Stickman.prefab using Guid(72061e99cd8af3c49a380f941679fbac) Importer(815301076,1909f56bfc062723c751e8b465ee728b)  -> (artifact id: '8f6b390b2e159b5a03ee074dc4f1504c') in 0.012406 seconds
  Import took 0.015033 seconds .

========================================================================
Received Import Request.
  Time since last request: 3.642056 seconds.
  path: Assets/Scripts/StickmanTracker.cs
  artifactKey: Guid(3698b4dccf75d7a44969a2141531a3d3) Importer(815301076,1909f56bfc062723c751e8b465ee728b)
Start importing Assets/Scripts/StickmanTracker.cs using Guid(3698b4dccf75d7a44969a2141531a3d3) Importer(815301076,1909f56bfc062723c751e8b465ee728b)  -> (artifact id: 'aa93f128877e50e7d3a7f662b9d770a4') in 0.002016 seconds
  Import took 0.003705 seconds .

========================================================================
Received Import Request.
  Time since last request: 0.003278 seconds.
  path: Assets/Scripts/StickmanTracker.cs
  artifactKey: Guid(3698b4dccf75d7a44969a2141531a3d3) Importer(815301076,1909f56bfc062723c751e8b465ee728b)
Start importing Assets/Scripts/StickmanTracker.cs using Guid(3698b4dccf75d7a44969a2141531a3d3) Importer(815301076,1909f56bfc062723c751e8b465ee728b)  -> (artifact id: 'aa93f128877e50e7d3a7f662b9d770a4') in 0.002519 seconds
  Import took 0.005180 seconds .

========================================================================
Received Prepare
Registering precompiled user dll's ...
Registered in 0.008457 seconds.
Begin MonoManager ReloadAssembly
Native extension for WindowsStandalone target not found
Native extension for WebGL target not found
Refreshing native plugins compatible for Editor in 0.48 ms, found 22 plugins.
Preloading 0 native plugins for Editor in 0.00 ms.
Mono: successfully reloaded assembly
- Completed reload, in  0.751 seconds
Platform modules already initialized, skipping
Refreshing native plugins compatible for Editor in 0.59 ms, found 22 plugins.
Preloading 0 native plugins for Editor in 0.00 ms.
Unloading 1064 Unused Serialized files (Serialized files now loaded: 0)
System memory in use before: 73.5 MB.
System memory in use after: 73.6 MB.

Unloading 43 unused Assets to reduce memory usage. Loaded Objects now: 1537.
Total: 1.517400 ms (FindLiveObjects: 0.127200 ms CreateObjectMapping: 0.030900 ms MarkObjects: 1.305700 ms  DeleteObjects: 0.052700 ms)

========================================================================
Received Prepare
Registering precompiled user dll's ...
Registered in 0.008524 seconds.
Begin MonoManager ReloadAssembly
Native extension for WindowsStandalone target not found
Native extension for WebGL target not found
Refreshing native plugins compatible for Editor in 0.49 ms, found 22 plugins.
Preloading 0 native plugins for Editor in 0.00 ms.
Mono: successfully reloaded assembly
- Completed reload, in  0.719 seconds
Platform modules already initialized, skipping
Refreshing native plugins compatible for Editor in 0.52 ms, found 22 plugins.
Preloading 0 native plugins for Editor in 0.00 ms.
Unloading 1064 Unused Serialized files (Serialized files now loaded: 0)
System memory in use before: 73.5 MB.
System memory in use after: 73.6 MB.

Unloading 40 unused Assets to reduce memory usage. Loaded Objects now: 1540.
Total: 1.513000 ms (FindLiveObjects: 0.122800 ms CreateObjectMapping: 0.029800 ms MarkObjects: 1.312100 ms  DeleteObjects: 0.047500 ms)

========================================================================
Received Prepare
Registering precompiled user dll's ...
Registered in 0.008800 seconds.
Begin MonoManager ReloadAssembly
Native extension for WindowsStandalone target not found
Native extension for WebGL target not found
Refreshing native plugins compatible for Editor in 0.50 ms, found 22 plugins.
Preloading 0 native plugins for Editor in 0.00 ms.
Mono: successfully reloaded assembly
- Completed reload, in  0.691 seconds
Platform modules already initialized, skipping
Refreshing native plugins compatible for Editor in 0.52 ms, found 22 plugins.
Preloading 0 native plugins for Editor in 0.00 ms.
Unloading 1064 Unused Serialized files (Serialized files now loaded: 0)
System memory in use before: 73.5 MB.
System memory in use after: 73.6 MB.

Unloading 40 unused Assets to reduce memory usage. Loaded Objects now: 1543.
Total: 1.497600 ms (FindLiveObjects: 0.109400 ms CreateObjectMapping: 0.029900 ms MarkObjects: 1.309100 ms  DeleteObjects: 0.048400 ms)

========================================================================
Received Prepare
Registering precompiled user dll's ...
Registered in 0.008390 seconds.
Begin MonoManager ReloadAssembly
Native extension for WindowsStandalone target not found
Native extension for WebGL target not found
Refreshing native plugins compatible for Editor in 0.48 ms, found 22 plugins.
Preloading 0 native plugins for Editor in 0.00 ms.
Mono: successfully reloaded assembly
- Completed reload, in  0.711 seconds
Platform modules already initialized, skipping
Refreshing native plugins compatible for Editor in 0.51 ms, found 22 plugins.
Preloading 0 native plugins for Editor in 0.00 ms.
Unloading 1064 Unused Serialized files (Serialized files now loaded: 0)
System memory in use before: 73.5 MB.
System memory in use after: 73.6 MB.

Unloading 40 unused Assets to reduce memory usage. Loaded Objects now: 1546.
Total: 1.436500 ms (FindLiveObjects: 0.098500 ms CreateObjectMapping: 0.024900 ms MarkObjects: 1.270500 ms  DeleteObjects: 0.041700 ms)

========================================================================
Received Prepare
Registering precompiled user dll's ...
Registered in 0.009189 seconds.
Begin MonoManager ReloadAssembly
Native extension for WindowsStandalone target not found
Native extension for WebGL target not found
Refreshing native plugins compatible for Editor in 0.48 ms, found 22 plugins.
Preloading 0 native plugins for Editor in 0.00 ms.
Mono: successfully reloaded assembly
- Completed reload, in  0.710 seconds
Platform modules already initialized, skipping
Refreshing native plugins compatible for Editor in 0.52 ms, found 22 plugins.
Preloading 0 native plugins for Editor in 0.00 ms.
Unloading 1064 Unused Serialized files (Serialized files now loaded: 0)
System memory in use before: 73.5 MB.
System memory in use after: 73.6 MB.

Unloading 40 unused Assets to reduce memory usage. Loaded Objects now: 1549.
Total: 1.432100 ms (FindLiveObjects: 0.102800 ms CreateObjectMapping: 0.027900 ms MarkObjects: 1.253700 ms  DeleteObjects: 0.047000 ms)

========================================================================
Received Prepare
Registering precompiled user dll's ...
Registered in 0.010497 seconds.
Begin MonoManager ReloadAssembly
Native extension for WindowsStandalone target not found
Native extension for WebGL target not found
Refreshing native plugins compatible for Editor in 0.50 ms, found 22 plugins.
Preloading 0 native plugins for Editor in 0.00 ms.
Mono: successfully reloaded assembly
- Completed reload, in  0.732 seconds
Platform modules already initialized, skipping
Refreshing native plugins compatible for Editor in 0.53 ms, found 22 plugins.
Preloading 0 native plugins for Editor in 0.00 ms.
Unloading 1064 Unused Serialized files (Serialized files now loaded: 0)
System memory in use before: 73.5 MB.
System memory in use after: 73.6 MB.

Unloading 40 unused Assets to reduce memory usage. Loaded Objects now: 1552.
Total: 1.459400 ms (FindLiveObjects: 0.105700 ms CreateObjectMapping: 0.025600 ms MarkObjects: 1.280800 ms  DeleteObjects: 0.046300 ms)

========================================================================
Received Prepare
Registering precompiled user dll's ...
Registered in 0.008188 seconds.
Begin MonoManager ReloadAssembly
Native extension for WindowsStandalone target not found
Native extension for WebGL target not found
Refreshing native plugins compatible for Editor in 0.49 ms, found 22 plugins.
Preloading 0 native plugins for Editor in 0.00 ms.
Mono: successfully reloaded assembly
- Completed reload, in  0.705 seconds
Platform modules already initialized, skipping
Refreshing native plugins compatible for Editor in 0.49 ms, found 22 plugins.
Preloading 0 native plugins for Editor in 0.00 ms.
Unloading 1064 Unused Serialized files (Serialized files now loaded: 0)
System memory in use before: 73.5 MB.
System memory in use after: 73.6 MB.

Unloading 40 unused Assets to reduce memory usage. Loaded Objects now: 1555.
Total: 1.448400 ms (FindLiveObjects: 0.098600 ms CreateObjectMapping: 0.025300 ms MarkObjects: 1.280100 ms  DeleteObjects: 0.043200 ms)

========================================================================
Received Prepare
Registering precompiled user dll's ...
Registered in 0.008627 seconds.
Begin MonoManager ReloadAssembly
Native extension for WindowsStandalone target not found
Native extension for WebGL target not found
Refreshing native plugins compatible for Editor in 0.50 ms, found 22 plugins.
Preloading 0 native plugins for Editor in 0.00 ms.
Mono: successfully reloaded assembly
- Completed reload, in  0.705 seconds
Platform modules already initialized, skipping
Refreshing native plugins compatible for Editor in 0.51 ms, found 22 plugins.
Preloading 0 native plugins for Editor in 0.00 ms.
Unloading 1064 Unused Serialized files (Serialized files now loaded: 0)
System memory in use before: 73.5 MB.
System memory in use after: 73.6 MB.

Unloading 40 unused Assets to reduce memory usage. Loaded Objects now: 1558.
Total: 1.301400 ms (FindLiveObjects: 0.107700 ms CreateObjectMapping: 0.029500 ms MarkObjects: 1.117200 ms  DeleteObjects: 0.046200 ms)

========================================================================
Received Prepare
Registering precompiled user dll's ...
Registered in 0.008682 seconds.
Begin MonoManager ReloadAssembly
Native extension for WindowsStandalone target not found
Native extension for WebGL target not found
Refreshing native plugins compatible for Editor in 0.48 ms, found 22 plugins.
Preloading 0 native plugins for Editor in 0.00 ms.
Mono: successfully reloaded assembly
- Completed reload, in  0.684 seconds
Platform modules already initialized, skipping
Refreshing native plugins compatible for Editor in 0.52 ms, found 22 plugins.
Preloading 0 native plugins for Editor in 0.00 ms.
Unloading 1064 Unused Serialized files (Serialized files now loaded: 0)
System memory in use before: 73.5 MB.
System memory in use after: 73.6 MB.

Unloading 40 unused Assets to reduce memory usage. Loaded Objects now: 1561.
Total: 1.460100 ms (FindLiveObjects: 0.109100 ms CreateObjectMapping: 0.028900 ms MarkObjects: 1.276000 ms  DeleteObjects: 0.045300 ms)

========================================================================
Received Prepare
Registering precompiled user dll's ...
Registered in 0.008452 seconds.
Begin MonoManager ReloadAssembly
Native extension for WindowsStandalone target not found
Native extension for WebGL target not found
Refreshing native plugins compatible for Editor in 0.50 ms, found 22 plugins.
Preloading 0 native plugins for Editor in 0.00 ms.
Mono: successfully reloaded assembly
- Completed reload, in  0.701 seconds
Platform modules already initialized, skipping
Refreshing native plugins compatible for Editor in 0.66 ms, found 22 plugins.
Preloading 0 native plugins for Editor in 0.00 ms.
Unloading 1064 Unused Serialized files (Serialized files now loaded: 0)
System memory in use before: 73.5 MB.
System memory in use after: 73.6 MB.

Unloading 40 unused Assets to reduce memory usage. Loaded Objects now: 1564.
Total: 1.349300 ms (FindLiveObjects: 0.103300 ms CreateObjectMapping: 0.026400 ms MarkObjects: 1.170300 ms  DeleteObjects: 0.048500 ms)

========================================================================
Received Prepare
Registering precompiled user dll's ...
Registered in 0.008066 seconds.
Begin MonoManager ReloadAssembly
Native extension for WindowsStandalone target not found
Native extension for WebGL target not found
Refreshing native plugins compatible for Editor in 0.51 ms, found 22 plugins.
Preloading 0 native plugins for Editor in 0.00 ms.
Mono: successfully reloaded assembly
- Completed reload, in  0.684 seconds
Platform modules already initialized, skipping
Refreshing native plugins compatible for Editor in 0.52 ms, found 22 plugins.
Preloading 0 native plugins for Editor in 0.00 ms.
Unloading 1064 Unused Serialized files (Serialized files now loaded: 0)
System memory in use before: 73.5 MB.
System memory in use after: 73.6 MB.

Unloading 40 unused Assets to reduce memory usage. Loaded Objects now: 1567.
Total: 1.443100 ms (FindLiveObjects: 0.103500 ms CreateObjectMapping: 0.026900 ms MarkObjects: 1.268100 ms  DeleteObjects: 0.044000 ms)

========================================================================
Received Prepare
Registering precompiled user dll's ...
Registered in 0.008006 seconds.
Begin MonoManager ReloadAssembly
Native extension for WindowsStandalone target not found
Native extension for WebGL target not found
Refreshing native plugins compatible for Editor in 0.55 ms, found 22 plugins.
Preloading 0 native plugins for Editor in 0.00 ms.
Mono: successfully reloaded assembly
- Completed reload, in  0.703 seconds
Platform modules already initialized, skipping
Refreshing native plugins compatible for Editor in 0.52 ms, found 22 plugins.
Preloading 0 native plugins for Editor in 0.00 ms.
Unloading 1064 Unused Serialized files (Serialized files now loaded: 0)
System memory in use before: 73.5 MB.
System memory in use after: 73.6 MB.

Unloading 40 unused Assets to reduce memory usage. Loaded Objects now: 1570.
Total: 1.508700 ms (FindLiveObjects: 0.119900 ms CreateObjectMapping: 0.028200 ms MarkObjects: 1.314200 ms  DeleteObjects: 0.045500 ms)

========================================================================
Received Prepare
Registering precompiled user dll's ...
Registered in 0.008795 seconds.
Begin MonoManager ReloadAssembly
Native extension for WindowsStandalone target not found
Native extension for WebGL target not found
Refreshing native plugins compatible for Editor in 0.48 ms, found 22 plugins.
Preloading 0 native plugins for Editor in 0.00 ms.
Mono: successfully reloaded assembly
- Completed reload, in  0.681 seconds
Platform modules already initialized, skipping
Refreshing native plugins compatible for Editor in 0.50 ms, found 22 plugins.
Preloading 0 native plugins for Editor in 0.00 ms.
Unloading 1064 Unused Serialized files (Serialized files now loaded: 0)
System memory in use before: 73.6 MB.
System memory in use after: 73.6 MB.

Unloading 40 unused Assets to reduce memory usage. Loaded Objects now: 1573.
Total: 1.410200 ms (FindLiveObjects: 0.108700 ms CreateObjectMapping: 0.027700 ms MarkObjects: 1.221100 ms  DeleteObjects: 0.052000 ms)

========================================================================
Received Prepare
Registering precompiled user dll's ...
Registered in 0.008601 seconds.
Begin MonoManager ReloadAssembly
Native extension for WindowsStandalone target not found
Native extension for WebGL target not found
Refreshing native plugins compatible for Editor in 0.51 ms, found 22 plugins.
Preloading 0 native plugins for Editor in 0.00 ms.
Mono: successfully reloaded assembly
- Completed reload, in  0.776 seconds
Platform modules already initialized, skipping
Refreshing native plugins compatible for Editor in 0.55 ms, found 22 plugins.
Preloading 0 native plugins for Editor in 0.00 ms.
Unloading 1064 Unused Serialized files (Serialized files now loaded: 0)
System memory in use before: 73.6 MB.
System memory in use after: 73.6 MB.

Unloading 40 unused Assets to reduce memory usage. Loaded Objects now: 1576.
Total: 1.672400 ms (FindLiveObjects: 0.182300 ms CreateObjectMapping: 0.051800 ms MarkObjects: 1.386100 ms  DeleteObjects: 0.051200 ms)

========================================================================
Received Prepare
Registering precompiled user dll's ...
Registered in 0.009828 seconds.
Begin MonoManager ReloadAssembly
Native extension for WindowsStandalone target not found
Native extension for WebGL target not found
Refreshing native plugins compatible for Editor in 0.53 ms, found 22 plugins.
Preloading 0 native plugins for Editor in 0.00 ms.
Mono: successfully reloaded assembly
- Completed reload, in  0.934 seconds
Platform modules already initialized, skipping
Refreshing native plugins compatible for Editor in 0.50 ms, found 22 plugins.
Preloading 0 native plugins for Editor in 0.00 ms.
Unloading 1140 Unused Serialized files (Serialized files now loaded: 0)
System memory in use before: 76.0 MB.
System memory in use after: 76.1 MB.

Unloading 40 unused Assets to reduce memory usage. Loaded Objects now: 1656.
Total: 1.716300 ms (FindLiveObjects: 0.143900 ms CreateObjectMapping: 0.031500 ms MarkObjects: 1.480800 ms  DeleteObjects: 0.058800 ms)

========================================================================
Received Prepare
Registering precompiled user dll's ...
Registered in 0.011324 seconds.
Begin MonoManager ReloadAssembly
Native extension for WindowsStandalone target not found
Native extension for WebGL target not found
Refreshing native plugins compatible for Editor in 28.41 ms, found 27 plugins.
Preloading 0 native plugins for Editor in 0.00 ms.
Received signal SIGSEGV
Stack trace:
0x00007ff65a547938 (Unity) <lambda_96659fe8d358e4de0a2a0ec3c8557f2d>::operator()
0x00007ff65a57e5c4 (Unity) LMDB_Transaction::Run
0x00007ff65a57e8a0 (Unity) SourceAssetDBWriteTxn::Run
0x00007ff65a555626 (Unity) SourceAssetScanner::Refresh
0x00007ff65a5214c4 (Unity) ImportAtPathV2
0x00007ff65a47878d (Unity) AssetDatabase::ImportAtPath
0x00007ff65a50c726 (Unity) CreateFolderV2
0x00007ff65a46f2fe (Unity) AssetDatabase::CreateFolder
0x00007ff65ac979cf (Unity) AssetDatabaseBindings::CreateFolder
0x00007ff65ab46a38 (Unity) AssetDatabase_CUSTOM_CreateFolder
0x00000277f86d2ebd (Mono JIT Code) (wrapper managed-to-native) UnityEditor.AssetDatabase:CreateFolder (string,string)
0x00000277f86d2c3b (Mono JIT Code) [EditorUtilities.cs:69] UnityEditor.XR.Management.EditorUtilities:GetAssetPathForComponents (string[],string) 
0x00000277f86d0833 (Mono JIT Code) [XRPackageInitialization.cs:152] UnityEditor.XR.Management.XRPackageInitializationBootstrap:InitializeLoaderFromMetadata (string,System.Collections.Generic.List`1<UnityEditor.XR.Management.Metadata.IXRLoaderMetadata>) 
0x00000277f86d03b3 (Mono JIT Code) [XRPackageInitialization.cs:130] UnityEditor.XR.Management.XRPackageInitializationBootstrap:InitializePackageFromMetadata (UnityEditor.XR.Management.Metadata.IXRPackage,UnityEditor.XR.Management.Metadata.IXRPackageMetadata) 
0x00000277f86bc07b (Mono JIT Code) [XRPackageInitialization.cs:118] UnityEditor.XR.Management.XRPackageInitializationBootstrap:InitPackage (UnityEditor.XR.Management.Metadata.IXRPackage) 
0x00000277f86bab93 (Mono JIT Code) [XRPackageInitialization.cs:76] UnityEditor.XR.Management.XRPackageInitializationBootstrap:BeginPackageInitialization () 
0x00000277f86ba5fb (Mono JIT Code) [XRPackageInitialization.cs:53] UnityEditor.XR.Management.XRPackageInitializationBootstrap:.cctor () 
0x00000277f873fd2d (Mono JIT Code) (wrapper runtime-invoke) object:runtime_invoke_void (object,intptr,intptr,intptr)
0x00007ffc3853e630 (mono-2.0-bdwgc) [mini-runtime.c:2812] mono_jit_runtime_invoke 
0x00007ffc384c2ac2 (mono-2.0-bdwgc) [object.c:2921] do_runtime_invoke 
0x00007ffc384cb1dc (mono-2.0-bdwgc) [object.c:477] mono_runtime_class_init_full 
0x00007ffc38478d3e (mono-2.0-bdwgc) [icall.c:990] ves_icall_System_Runtime_CompilerServices_RuntimeHelpers_RunClassConstructor 
0x00000277f86fb760 (Mono JIT Code) (wrapper managed-to-native) System.Runtime.CompilerServices.RuntimeHelpers:RunClassConstructor (intptr)
0x00000277f86fb64b (Mono JIT Code) System.Runtime.CompilerServices.RuntimeHelpers:RunClassConstructor (System.RuntimeTypeHandle)
0x00000277f86fb4c3 (Mono JIT Code) UnityEditor.EditorAssemblies:ProcessInitializeOnLoadAttributes (System.Type[])
0x00000277f871ce20 (Mono JIT Code) (wrapper runtime-invoke) <Module>:runtime_invoke_void_object (object,intptr,intptr,intptr)
0x00007ffc3853e630 (mono-2.0-bdwgc) [mini-runtime.c:2812] mono_jit_runtime_invoke 
0x00007ffc384c2ac2 (mono-2.0-bdwgc) [object.c:2921] do_runtime_invoke 
0x00007ffc384cbb1f (mono-2.0-bdwgc) [object.c:2968] mono_runtime_invoke 
0x00007ff658d34444 (Unity) scripting_method_invoke
0x00007ff658d2cd95 (Unity) ScriptingInvocation::Invoke
0x00007ff658d25ef5 (Unity) ScriptingInvocation::Invoke<void>
0x00007ff6573a698b (Unity) Scripting::UnityEditor::EditorAssembliesProxy::ProcessInitializeOnLoadAttributes
0x00007ff658ce97d5 (Unity) MonoManager::SetupLoadedEditorAssemblies
0x00007ff658ce0ac9 (Unity) MonoManager::EndReloadAssembly
0x00007ff658ce79b9 (Unity) MonoManager::ReloadAssembly
0x00007ff65a09c9f1 (Unity) LoadDomainAndUserAssemblies
0x00007ff65a09ce9e (Unity) LoadUserAssemblies
0x00007ff65a505808 (Unity) <lambda_32ff519d5c36f44c8f28c9876d6db935>::operator()
0x00007ff65a5a9522 (Unity) asio::detail::completion_handler<core::mutable_function<void __cdecl(void)> >::do_complete
0x00007ff65a5ab680 (Unity) asio::detail::win_iocp_io_service::do_one
0x00007ff65a5aee0e (Unity) asio::io_service::run
0x00007ff65a5324bb (Unity) RunAssetImportWorkerClientV2
0x00007ff65a532510 (Unity) RunAssetImporterV2
0x00007ff659a23536 (Unity) Application::InitializeProject
0x00007ff65a3a6f22 (Unity) WinMain
0x00007ff65c1f8e86 (Unity) __scrt_common_main_seh
0x00007ffcaa897034 (KERNEL32) BaseThreadInitThunk
0x00007ffcabf02651 (ntdll) RtlUserThreadStart

